++ 3dttest++: AFNI version=AFNI_22.3.07 (Dec  2 2022) [64-bit]
++ Authored by: Zhark++
++ 149291 voxels in -mask dataset
++ Number of -Clustsim threads set to 128
++ option -setA :: processing as SHORT form (all values are datasets)
++ have 84 volumes corresponding to option '-setA'
[7m** FATAL ERROR:[0m -mask doesn't match datasets number of voxels
** Program compile date = Dec  2 2022
++ 3dttest++: AFNI version=AFNI_22.3.07 (Dec  2 2022) [64-bit]
++ Authored by: Zhark++
++ 149291 voxels in -mask dataset
++ Number of -Clustsim threads set to 128
++ option -setA :: processing as SHORT form (all values are datasets)
++ have 84 volumes corresponding to option '-setA'
[7m** FATAL ERROR:[0m -mask doesn't match datasets number of voxels
** Program compile date = Dec  2 2022
++ 3dttest++: AFNI version=AFNI_22.3.07 (Dec  2 2022) [64-bit]
++ Authored by: Zhark++
++ 149291 voxels in -mask dataset
++ Number of -Clustsim threads set to 128
++ option -setA :: processing as SHORT form (all values are datasets)
++ have 84 volumes corresponding to option '-setA'
[7m** FATAL ERROR:[0m -mask doesn't match datasets number of voxels
** Program compile date = Dec  2 2022
