/data/NIMH_SFIM/handwerkerd/ComplexMultiEcho1/Data/GroupResults/GroupISC/warped_files/orig_warped
ted_DN
++ 3dNwarpApply: AFNI version=AFNI_23.1.10 (Jun 29 2023) [64-bit]
++ Authored by: Zhark the Warped
++ -master dataset is '/data/NIMH_SFIM/handwerkerd/ComplexMultiEcho1/Data/GroupResults/GroupMaps/alignment_EPIgrid_template_sub-01.nii.gz'
++ output grid size = 2 mm
++ opened source dataset '/data/NIMH_SFIM/handwerkerd/ComplexMultiEcho1/Data/sub-12/GLMs/tedana_mot_csf_v23_c70_kundu_breathing_run-1/errts.sub-12.tedana_mot_csf_v23_c70_kundu_breathing_run-1_REML+orig.HEAD'
++ Processing -nwarp 
++ Warping:.[R].................................................Z
++ Output dataset ./Nwarp_sub-12_task-breathing_run-1_ted_DN.nii
++ total Elapsed time = 568.3 sec
ted_DN
++ 3dNwarpApply: AFNI version=AFNI_23.1.10 (Jun 29 2023) [64-bit]
++ Authored by: Zhark the Warped
++ -master dataset is '/data/NIMH_SFIM/handwerkerd/ComplexMultiEcho1/Data/GroupResults/GroupMaps/alignment_EPIgrid_template_sub-01.nii.gz'
++ output grid size = 2 mm
++ opened source dataset '/data/NIMH_SFIM/handwerkerd/ComplexMultiEcho1/Data/sub-12/GLMs/tedana_mot_csf_v23_c70_kundu_breathing_run-2/errts.sub-12.tedana_mot_csf_v23_c70_kundu_breathing_run-2_REML+orig.HEAD'
++ Processing -nwarp 
++ Warping:.[R].................................................Z
++ Output dataset ./Nwarp_sub-12_task-breathing_run-2_ted_DN.nii
++ total Elapsed time = 568.1 sec
ted_DN
++ 3dNwarpApply: AFNI version=AFNI_23.1.10 (Jun 29 2023) [64-bit]
++ Authored by: Zhark the Warped
++ -master dataset is '/data/NIMH_SFIM/handwerkerd/ComplexMultiEcho1/Data/GroupResults/GroupMaps/alignment_EPIgrid_template_sub-01.nii.gz'
++ output grid size = 2 mm
++ opened source dataset '/data/NIMH_SFIM/handwerkerd/ComplexMultiEcho1/Data/sub-12/GLMs/tedana_mot_csf_v23_c70_kundu_movie_run-1/errts.sub-12.tedana_mot_csf_v23_c70_kundu_movie_run-1_REML+orig.HEAD'
++ Processing -nwarp 
++ Warping:.[R].................................................Z
++ Output dataset ./Nwarp_sub-12_task-movie_run-1_ted_DN.nii
++ total Elapsed time = 568.0 sec
ls: cannot access '/data/NIMH_SFIM/handwerkerd/ComplexMultiEcho1/Data/sub-12/GLMs/tedana_mot_csf_v23_c70_kundu_movie_run-2/errts.sub-12.tedana_mot_csf_v23_c70_kundu_movie_run-2_REML+orig.HEAD': No such file or directory
ted_DN
++ 3dNwarpApply: AFNI version=AFNI_23.1.10 (Jun 29 2023) [64-bit]
++ Authored by: Zhark the Warped
++ -master dataset is '/data/NIMH_SFIM/handwerkerd/ComplexMultiEcho1/Data/GroupResults/GroupMaps/alignment_EPIgrid_template_sub-01.nii.gz'
++ output grid size = 2 mm
[7m** FATAL ERROR:[0m No good source datasets found!
** Program compile date = Jun 29 2023
ted_DN
++ 3dNwarpApply: AFNI version=AFNI_23.1.10 (Jun 29 2023) [64-bit]
++ Authored by: Zhark the Warped
++ -master dataset is '/data/NIMH_SFIM/handwerkerd/ComplexMultiEcho1/Data/GroupResults/GroupMaps/alignment_EPIgrid_template_sub-01.nii.gz'
++ output grid size = 2 mm
++ opened source dataset '/data/NIMH_SFIM/handwerkerd/ComplexMultiEcho1/Data/sub-12/GLMs/tedana_mot_csf_v23_c70_kundu_movie_run-3/errts.sub-12.tedana_mot_csf_v23_c70_kundu_movie_run-3_REML+orig.HEAD'
++ Processing -nwarp 
++ Warping:.[R].................................................Z
++ Output dataset ./Nwarp_sub-12_task-movie_run-3_ted_DN.nii
++ total Elapsed time = 567.6 sec
Process completed successfully
