++ 3dcalc: AFNI version=AFNI_23.1.10 (Jun 29 2023) [64-bit]
++ Authored by: A cast of thousands
++ Output dataset /data/NIMH_SFIM/handwerkerd/ComplexMultiEcho1/Data/GroupResults/GroupISC/group_mask/sub-01_task-WNW_run-1_2nd_echo_masked.nii.gz
++ 3dcalc: AFNI version=AFNI_23.1.10 (Jun 29 2023) [64-bit]
++ Authored by: A cast of thousands
++ Output dataset /data/NIMH_SFIM/handwerkerd/ComplexMultiEcho1/Data/GroupResults/GroupISC/group_mask/sub-01_task-WNW_run-2_2nd_echo_masked.nii.gz
++ 3dcalc: AFNI version=AFNI_23.1.10 (Jun 29 2023) [64-bit]
++ Authored by: A cast of thousands
++ Output dataset /data/NIMH_SFIM/handwerkerd/ComplexMultiEcho1/Data/GroupResults/GroupISC/group_mask/sub-01_task-WNW_run-3_2nd_echo_masked.nii.gz
++ 3dcalc: AFNI version=AFNI_23.1.10 (Jun 29 2023) [64-bit]
++ Authored by: A cast of thousands
++ Output dataset /data/NIMH_SFIM/handwerkerd/ComplexMultiEcho1/Data/GroupResults/GroupISC/group_mask/sub-02_task-WNW_run-1_2nd_echo_masked.nii.gz
++ 3dcalc: AFNI version=AFNI_23.1.10 (Jun 29 2023) [64-bit]
++ Authored by: A cast of thousands
++ Output dataset /data/NIMH_SFIM/handwerkerd/ComplexMultiEcho1/Data/GroupResults/GroupISC/group_mask/sub-02_task-WNW_run-2_2nd_echo_masked.nii.gz
++ 3dcalc: AFNI version=AFNI_23.1.10 (Jun 29 2023) [64-bit]
++ Authored by: A cast of thousands
++ Output dataset /data/NIMH_SFIM/handwerkerd/ComplexMultiEcho1/Data/GroupResults/GroupISC/group_mask/sub-02_task-WNW_run-3_2nd_echo_masked.nii.gz
++ 3dcalc: AFNI version=AFNI_23.1.10 (Jun 29 2023) [64-bit]
++ Authored by: A cast of thousands
++ Output dataset /data/NIMH_SFIM/handwerkerd/ComplexMultiEcho1/Data/GroupResults/GroupISC/group_mask/sub-03_task-WNW_run-1_2nd_echo_masked.nii.gz
++ 3dcalc: AFNI version=AFNI_23.1.10 (Jun 29 2023) [64-bit]
++ Authored by: A cast of thousands
++ Output dataset /data/NIMH_SFIM/handwerkerd/ComplexMultiEcho1/Data/GroupResults/GroupISC/group_mask/sub-03_task-WNW_run-2_2nd_echo_masked.nii.gz
++ 3dcalc: AFNI version=AFNI_23.1.10 (Jun 29 2023) [64-bit]
++ Authored by: A cast of thousands
++ Output dataset /data/NIMH_SFIM/handwerkerd/ComplexMultiEcho1/Data/GroupResults/GroupISC/group_mask/sub-03_task-WNW_run-3_2nd_echo_masked.nii.gz
++ 3dcalc: AFNI version=AFNI_23.1.10 (Jun 29 2023) [64-bit]
++ Authored by: A cast of thousands
++ Output dataset /data/NIMH_SFIM/handwerkerd/ComplexMultiEcho1/Data/GroupResults/GroupISC/group_mask/sub-04_task-WNW_run-1_2nd_echo_masked.nii.gz
++ 3dcalc: AFNI version=AFNI_23.1.10 (Jun 29 2023) [64-bit]
++ Authored by: A cast of thousands
++ Output dataset /data/NIMH_SFIM/handwerkerd/ComplexMultiEcho1/Data/GroupResults/GroupISC/group_mask/sub-04_task-WNW_run-2_2nd_echo_masked.nii.gz
++ 3dcalc: AFNI version=AFNI_23.1.10 (Jun 29 2023) [64-bit]
++ Authored by: A cast of thousands
++ Output dataset /data/NIMH_SFIM/handwerkerd/ComplexMultiEcho1/Data/GroupResults/GroupISC/group_mask/sub-04_task-WNW_run-3_2nd_echo_masked.nii.gz
++ 3dcalc: AFNI version=AFNI_23.1.10 (Jun 29 2023) [64-bit]
++ Authored by: A cast of thousands
++ Output dataset /data/NIMH_SFIM/handwerkerd/ComplexMultiEcho1/Data/GroupResults/GroupISC/group_mask/sub-05_task-WNW_run-1_2nd_echo_masked.nii.gz
++ 3dcalc: AFNI version=AFNI_23.1.10 (Jun 29 2023) [64-bit]
++ Authored by: A cast of thousands
++ Output dataset /data/NIMH_SFIM/handwerkerd/ComplexMultiEcho1/Data/GroupResults/GroupISC/group_mask/sub-05_task-WNW_run-2_2nd_echo_masked.nii.gz
++ 3dcalc: AFNI version=AFNI_23.1.10 (Jun 29 2023) [64-bit]
++ Authored by: A cast of thousands
++ Output dataset /data/NIMH_SFIM/handwerkerd/ComplexMultiEcho1/Data/GroupResults/GroupISC/group_mask/sub-05_task-WNW_run-3_2nd_echo_masked.nii.gz
++ 3dcalc: AFNI version=AFNI_23.1.10 (Jun 29 2023) [64-bit]
++ Authored by: A cast of thousands
++ Output dataset /data/NIMH_SFIM/handwerkerd/ComplexMultiEcho1/Data/GroupResults/GroupISC/group_mask/sub-06_task-WNW_run-1_2nd_echo_masked.nii.gz
++ 3dcalc: AFNI version=AFNI_23.1.10 (Jun 29 2023) [64-bit]
++ Authored by: A cast of thousands
++ Output dataset /data/NIMH_SFIM/handwerkerd/ComplexMultiEcho1/Data/GroupResults/GroupISC/group_mask/sub-06_task-WNW_run-2_2nd_echo_masked.nii.gz
++ 3dcalc: AFNI version=AFNI_23.1.10 (Jun 29 2023) [64-bit]
++ Authored by: A cast of thousands
++ Output dataset /data/NIMH_SFIM/handwerkerd/ComplexMultiEcho1/Data/GroupResults/GroupISC/group_mask/sub-06_task-WNW_run-3_2nd_echo_masked.nii.gz
++ 3dcalc: AFNI version=AFNI_23.1.10 (Jun 29 2023) [64-bit]
++ Authored by: A cast of thousands
++ Output dataset /data/NIMH_SFIM/handwerkerd/ComplexMultiEcho1/Data/GroupResults/GroupISC/group_mask/sub-07_task-WNW_run-1_2nd_echo_masked.nii.gz
++ 3dcalc: AFNI version=AFNI_23.1.10 (Jun 29 2023) [64-bit]
++ Authored by: A cast of thousands
++ Output dataset /data/NIMH_SFIM/handwerkerd/ComplexMultiEcho1/Data/GroupResults/GroupISC/group_mask/sub-07_task-WNW_run-2_2nd_echo_masked.nii.gz
++ 3dcalc: AFNI version=AFNI_23.1.10 (Jun 29 2023) [64-bit]
++ Authored by: A cast of thousands
++ Output dataset /data/NIMH_SFIM/handwerkerd/ComplexMultiEcho1/Data/GroupResults/GroupISC/group_mask/sub-07_task-WNW_run-3_2nd_echo_masked.nii.gz
++ 3dcalc: AFNI version=AFNI_23.1.10 (Jun 29 2023) [64-bit]
++ Authored by: A cast of thousands
++ Output dataset /data/NIMH_SFIM/handwerkerd/ComplexMultiEcho1/Data/GroupResults/GroupISC/group_mask/sub-08_task-WNW_run-1_2nd_echo_masked.nii.gz
++ 3dcalc: AFNI version=AFNI_23.1.10 (Jun 29 2023) [64-bit]
++ Authored by: A cast of thousands
++ Output dataset /data/NIMH_SFIM/handwerkerd/ComplexMultiEcho1/Data/GroupResults/GroupISC/group_mask/sub-08_task-WNW_run-2_2nd_echo_masked.nii.gz
++ 3dcalc: AFNI version=AFNI_23.1.10 (Jun 29 2023) [64-bit]
++ Authored by: A cast of thousands
++ Output dataset /data/NIMH_SFIM/handwerkerd/ComplexMultiEcho1/Data/GroupResults/GroupISC/group_mask/sub-08_task-WNW_run-3_2nd_echo_masked.nii.gz
++ 3dcalc: AFNI version=AFNI_23.1.10 (Jun 29 2023) [64-bit]
++ Authored by: A cast of thousands
++ Output dataset /data/NIMH_SFIM/handwerkerd/ComplexMultiEcho1/Data/GroupResults/GroupISC/group_mask/sub-09_task-WNW_run-1_2nd_echo_masked.nii.gz
++ 3dcalc: AFNI version=AFNI_23.1.10 (Jun 29 2023) [64-bit]
++ Authored by: A cast of thousands
++ Output dataset /data/NIMH_SFIM/handwerkerd/ComplexMultiEcho1/Data/GroupResults/GroupISC/group_mask/sub-09_task-WNW_run-2_2nd_echo_masked.nii.gz
++ 3dcalc: AFNI version=AFNI_23.1.10 (Jun 29 2023) [64-bit]
++ Authored by: A cast of thousands
++ Output dataset /data/NIMH_SFIM/handwerkerd/ComplexMultiEcho1/Data/GroupResults/GroupISC/group_mask/sub-09_task-WNW_run-3_2nd_echo_masked.nii.gz
++ 3dcalc: AFNI version=AFNI_23.1.10 (Jun 29 2023) [64-bit]
++ Authored by: A cast of thousands
++ Output dataset /data/NIMH_SFIM/handwerkerd/ComplexMultiEcho1/Data/GroupResults/GroupISC/group_mask/sub-10_task-WNW_run-1_2nd_echo_masked.nii.gz
++ 3dcalc: AFNI version=AFNI_23.1.10 (Jun 29 2023) [64-bit]
++ Authored by: A cast of thousands
++ Output dataset /data/NIMH_SFIM/handwerkerd/ComplexMultiEcho1/Data/GroupResults/GroupISC/group_mask/sub-10_task-WNW_run-2_2nd_echo_masked.nii.gz
++ 3dcalc: AFNI version=AFNI_23.1.10 (Jun 29 2023) [64-bit]
++ Authored by: A cast of thousands
++ Output dataset /data/NIMH_SFIM/handwerkerd/ComplexMultiEcho1/Data/GroupResults/GroupISC/group_mask/sub-10_task-WNW_run-3_2nd_echo_masked.nii.gz
++ 3dcalc: AFNI version=AFNI_23.1.10 (Jun 29 2023) [64-bit]
++ Authored by: A cast of thousands
++ Output dataset /data/NIMH_SFIM/handwerkerd/ComplexMultiEcho1/Data/GroupResults/GroupISC/group_mask/sub-11_task-WNW_run-1_2nd_echo_masked.nii.gz
++ 3dcalc: AFNI version=AFNI_23.1.10 (Jun 29 2023) [64-bit]
++ Authored by: A cast of thousands
++ Output dataset /data/NIMH_SFIM/handwerkerd/ComplexMultiEcho1/Data/GroupResults/GroupISC/group_mask/sub-11_task-WNW_run-2_2nd_echo_masked.nii.gz
++ 3dcalc: AFNI version=AFNI_23.1.10 (Jun 29 2023) [64-bit]
++ Authored by: A cast of thousands
++ Output dataset /data/NIMH_SFIM/handwerkerd/ComplexMultiEcho1/Data/GroupResults/GroupISC/group_mask/sub-11_task-WNW_run-3_2nd_echo_masked.nii.gz
++ 3dcalc: AFNI version=AFNI_23.1.10 (Jun 29 2023) [64-bit]
++ Authored by: A cast of thousands
++ Output dataset /data/NIMH_SFIM/handwerkerd/ComplexMultiEcho1/Data/GroupResults/GroupISC/group_mask/sub-12_task-WNW_run-1_2nd_echo_masked.nii.gz
++ 3dcalc: AFNI version=AFNI_23.1.10 (Jun 29 2023) [64-bit]
++ Authored by: A cast of thousands
++ Output dataset /data/NIMH_SFIM/handwerkerd/ComplexMultiEcho1/Data/GroupResults/GroupISC/group_mask/sub-12_task-WNW_run-2_2nd_echo_masked.nii.gz
++ 3dcalc: AFNI version=AFNI_23.1.10 (Jun 29 2023) [64-bit]
++ Authored by: A cast of thousands
++ Output dataset /data/NIMH_SFIM/handwerkerd/ComplexMultiEcho1/Data/GroupResults/GroupISC/group_mask/sub-12_task-WNW_run-3_2nd_echo_masked.nii.gz
++ 3dcalc: AFNI version=AFNI_23.1.10 (Jun 29 2023) [64-bit]
++ Authored by: A cast of thousands
++ Output dataset /data/NIMH_SFIM/handwerkerd/ComplexMultiEcho1/Data/GroupResults/GroupISC/group_mask/sub-13_task-WNW_run-1_2nd_echo_masked.nii.gz
++ 3dcalc: AFNI version=AFNI_23.1.10 (Jun 29 2023) [64-bit]
++ Authored by: A cast of thousands
++ Output dataset /data/NIMH_SFIM/handwerkerd/ComplexMultiEcho1/Data/GroupResults/GroupISC/group_mask/sub-13_task-WNW_run-2_2nd_echo_masked.nii.gz
++ 3dcalc: AFNI version=AFNI_23.1.10 (Jun 29 2023) [64-bit]
++ Authored by: A cast of thousands
++ Output dataset /data/NIMH_SFIM/handwerkerd/ComplexMultiEcho1/Data/GroupResults/GroupISC/group_mask/sub-13_task-WNW_run-3_2nd_echo_masked.nii.gz
++ 3dcalc: AFNI version=AFNI_23.1.10 (Jun 29 2023) [64-bit]
++ Authored by: A cast of thousands
[7m** FATAL ERROR:[0m can't open dataset /data/NIMH_SFIM/handwerkerd/ComplexMultiEcho1/Data/GroupResults/GroupISC/group_mask/sub-14_mask.nii.gz
** Program compile date = Jun 29 2023
++ 3dcalc: AFNI version=AFNI_23.1.10 (Jun 29 2023) [64-bit]
++ Authored by: A cast of thousands
[7m** FATAL ERROR:[0m can't open dataset /data/NIMH_SFIM/handwerkerd/ComplexMultiEcho1/Data/GroupResults/GroupISC/group_mask/sub-14_mask.nii.gz
** Program compile date = Jun 29 2023
++ 3dcalc: AFNI version=AFNI_23.1.10 (Jun 29 2023) [64-bit]
++ Authored by: A cast of thousands
[7m** FATAL ERROR:[0m can't open dataset /data/NIMH_SFIM/handwerkerd/ComplexMultiEcho1/Data/GroupResults/GroupISC/group_mask/sub-14_mask.nii.gz
** Program compile date = Jun 29 2023
++ 3dcalc: AFNI version=AFNI_23.1.10 (Jun 29 2023) [64-bit]
++ Authored by: A cast of thousands
++ Output dataset /data/NIMH_SFIM/handwerkerd/ComplexMultiEcho1/Data/GroupResults/GroupISC/group_mask/sub-15_task-WNW_run-1_2nd_echo_masked.nii.gz
++ 3dcalc: AFNI version=AFNI_23.1.10 (Jun 29 2023) [64-bit]
++ Authored by: A cast of thousands
++ Output dataset /data/NIMH_SFIM/handwerkerd/ComplexMultiEcho1/Data/GroupResults/GroupISC/group_mask/sub-15_task-WNW_run-2_2nd_echo_masked.nii.gz
++ 3dcalc: AFNI version=AFNI_23.1.10 (Jun 29 2023) [64-bit]
++ Authored by: A cast of thousands
++ Output dataset /data/NIMH_SFIM/handwerkerd/ComplexMultiEcho1/Data/GroupResults/GroupISC/group_mask/sub-15_task-WNW_run-3_2nd_echo_masked.nii.gz
++ 3dcalc: AFNI version=AFNI_23.1.10 (Jun 29 2023) [64-bit]
++ Authored by: A cast of thousands
++ Output dataset /data/NIMH_SFIM/handwerkerd/ComplexMultiEcho1/Data/GroupResults/GroupISC/group_mask/sub-16_task-WNW_run-1_2nd_echo_masked.nii.gz
++ 3dcalc: AFNI version=AFNI_23.1.10 (Jun 29 2023) [64-bit]
++ Authored by: A cast of thousands
++ Output dataset /data/NIMH_SFIM/handwerkerd/ComplexMultiEcho1/Data/GroupResults/GroupISC/group_mask/sub-16_task-WNW_run-2_2nd_echo_masked.nii.gz
++ 3dcalc: AFNI version=AFNI_23.1.10 (Jun 29 2023) [64-bit]
++ Authored by: A cast of thousands
++ Output dataset /data/NIMH_SFIM/handwerkerd/ComplexMultiEcho1/Data/GroupResults/GroupISC/group_mask/sub-16_task-WNW_run-3_2nd_echo_masked.nii.gz
++ 3dcalc: AFNI version=AFNI_23.1.10 (Jun 29 2023) [64-bit]
++ Authored by: A cast of thousands
++ Output dataset /data/NIMH_SFIM/handwerkerd/ComplexMultiEcho1/Data/GroupResults/GroupISC/group_mask/sub-17_task-WNW_run-1_2nd_echo_masked.nii.gz
++ 3dcalc: AFNI version=AFNI_23.1.10 (Jun 29 2023) [64-bit]
++ Authored by: A cast of thousands
++ Output dataset /data/NIMH_SFIM/handwerkerd/ComplexMultiEcho1/Data/GroupResults/GroupISC/group_mask/sub-17_task-WNW_run-2_2nd_echo_masked.nii.gz
++ 3dcalc: AFNI version=AFNI_23.1.10 (Jun 29 2023) [64-bit]
++ Authored by: A cast of thousands
++ Output dataset /data/NIMH_SFIM/handwerkerd/ComplexMultiEcho1/Data/GroupResults/GroupISC/group_mask/sub-17_task-WNW_run-3_2nd_echo_masked.nii.gz
++ 3dcalc: AFNI version=AFNI_23.1.10 (Jun 29 2023) [64-bit]
++ Authored by: A cast of thousands
++ Output dataset /data/NIMH_SFIM/handwerkerd/ComplexMultiEcho1/Data/GroupResults/GroupISC/group_mask/sub-18_task-WNW_run-1_2nd_echo_masked.nii.gz
++ 3dcalc: AFNI version=AFNI_23.1.10 (Jun 29 2023) [64-bit]
++ Authored by: A cast of thousands
++ Output dataset /data/NIMH_SFIM/handwerkerd/ComplexMultiEcho1/Data/GroupResults/GroupISC/group_mask/sub-18_task-WNW_run-2_2nd_echo_masked.nii.gz
++ 3dcalc: AFNI version=AFNI_23.1.10 (Jun 29 2023) [64-bit]
++ Authored by: A cast of thousands
++ Output dataset /data/NIMH_SFIM/handwerkerd/ComplexMultiEcho1/Data/GroupResults/GroupISC/group_mask/sub-18_task-WNW_run-3_2nd_echo_masked.nii.gz
++ 3dcalc: AFNI version=AFNI_23.1.10 (Jun 29 2023) [64-bit]
++ Authored by: A cast of thousands
++ Output dataset /data/NIMH_SFIM/handwerkerd/ComplexMultiEcho1/Data/GroupResults/GroupISC/group_mask/sub-19_task-WNW_run-1_2nd_echo_masked.nii.gz
++ 3dcalc: AFNI version=AFNI_23.1.10 (Jun 29 2023) [64-bit]
++ Authored by: A cast of thousands
++ Output dataset /data/NIMH_SFIM/handwerkerd/ComplexMultiEcho1/Data/GroupResults/GroupISC/group_mask/sub-19_task-WNW_run-2_2nd_echo_masked.nii.gz
++ 3dcalc: AFNI version=AFNI_23.1.10 (Jun 29 2023) [64-bit]
++ Authored by: A cast of thousands
++ Output dataset /data/NIMH_SFIM/handwerkerd/ComplexMultiEcho1/Data/GroupResults/GroupISC/group_mask/sub-19_task-WNW_run-3_2nd_echo_masked.nii.gz
++ 3dcalc: AFNI version=AFNI_23.1.10 (Jun 29 2023) [64-bit]
++ Authored by: A cast of thousands
++ Output dataset /data/NIMH_SFIM/handwerkerd/ComplexMultiEcho1/Data/GroupResults/GroupISC/group_mask/sub-20_task-WNW_run-1_2nd_echo_masked.nii.gz
++ 3dcalc: AFNI version=AFNI_23.1.10 (Jun 29 2023) [64-bit]
++ Authored by: A cast of thousands
++ Output dataset /data/NIMH_SFIM/handwerkerd/ComplexMultiEcho1/Data/GroupResults/GroupISC/group_mask/sub-20_task-WNW_run-2_2nd_echo_masked.nii.gz
++ 3dcalc: AFNI version=AFNI_23.1.10 (Jun 29 2023) [64-bit]
++ Authored by: A cast of thousands
++ Output dataset /data/NIMH_SFIM/handwerkerd/ComplexMultiEcho1/Data/GroupResults/GroupISC/group_mask/sub-20_task-WNW_run-3_2nd_echo_masked.nii.gz
++ 3dcalc: AFNI version=AFNI_23.1.10 (Jun 29 2023) [64-bit]
++ Authored by: A cast of thousands
++ Output dataset /data/NIMH_SFIM/handwerkerd/ComplexMultiEcho1/Data/GroupResults/GroupISC/group_mask/sub-21_task-WNW_run-1_2nd_echo_masked.nii.gz
++ 3dcalc: AFNI version=AFNI_23.1.10 (Jun 29 2023) [64-bit]
++ Authored by: A cast of thousands
++ Output dataset /data/NIMH_SFIM/handwerkerd/ComplexMultiEcho1/Data/GroupResults/GroupISC/group_mask/sub-21_task-WNW_run-2_2nd_echo_masked.nii.gz
++ 3dcalc: AFNI version=AFNI_23.1.10 (Jun 29 2023) [64-bit]
++ Authored by: A cast of thousands
++ Output dataset /data/NIMH_SFIM/handwerkerd/ComplexMultiEcho1/Data/GroupResults/GroupISC/group_mask/sub-21_task-WNW_run-3_2nd_echo_masked.nii.gz
++ 3dcalc: AFNI version=AFNI_23.1.10 (Jun 29 2023) [64-bit]
++ Authored by: A cast of thousands
++ Output dataset /data/NIMH_SFIM/handwerkerd/ComplexMultiEcho1/Data/GroupResults/GroupISC/group_mask/sub-22_task-WNW_run-1_2nd_echo_masked.nii.gz
++ 3dcalc: AFNI version=AFNI_23.1.10 (Jun 29 2023) [64-bit]
++ Authored by: A cast of thousands
++ Output dataset /data/NIMH_SFIM/handwerkerd/ComplexMultiEcho1/Data/GroupResults/GroupISC/group_mask/sub-22_task-WNW_run-2_2nd_echo_masked.nii.gz
++ 3dcalc: AFNI version=AFNI_23.1.10 (Jun 29 2023) [64-bit]
++ Authored by: A cast of thousands
++ Output dataset /data/NIMH_SFIM/handwerkerd/ComplexMultiEcho1/Data/GroupResults/GroupISC/group_mask/sub-22_task-WNW_run-3_2nd_echo_masked.nii.gz
++ 3dcalc: AFNI version=AFNI_23.1.10 (Jun 29 2023) [64-bit]
++ Authored by: A cast of thousands
++ Output dataset /data/NIMH_SFIM/handwerkerd/ComplexMultiEcho1/Data/GroupResults/GroupISC/group_mask/sub-23_task-WNW_run-1_2nd_echo_masked.nii.gz
++ 3dcalc: AFNI version=AFNI_23.1.10 (Jun 29 2023) [64-bit]
++ Authored by: A cast of thousands
++ Output dataset /data/NIMH_SFIM/handwerkerd/ComplexMultiEcho1/Data/GroupResults/GroupISC/group_mask/sub-23_task-WNW_run-2_2nd_echo_masked.nii.gz
++ 3dcalc: AFNI version=AFNI_23.1.10 (Jun 29 2023) [64-bit]
++ Authored by: A cast of thousands
++ Output dataset /data/NIMH_SFIM/handwerkerd/ComplexMultiEcho1/Data/GroupResults/GroupISC/group_mask/sub-23_task-WNW_run-3_2nd_echo_masked.nii.gz
++ 3dcalc: AFNI version=AFNI_23.1.10 (Jun 29 2023) [64-bit]
++ Authored by: A cast of thousands
++ Output dataset /data/NIMH_SFIM/handwerkerd/ComplexMultiEcho1/Data/GroupResults/GroupISC/group_mask/sub-24_task-WNW_run-1_2nd_echo_masked.nii.gz
++ 3dcalc: AFNI version=AFNI_23.1.10 (Jun 29 2023) [64-bit]
++ Authored by: A cast of thousands
++ Output dataset /data/NIMH_SFIM/handwerkerd/ComplexMultiEcho1/Data/GroupResults/GroupISC/group_mask/sub-24_task-WNW_run-2_2nd_echo_masked.nii.gz
++ 3dcalc: AFNI version=AFNI_23.1.10 (Jun 29 2023) [64-bit]
++ Authored by: A cast of thousands
++ Output dataset /data/NIMH_SFIM/handwerkerd/ComplexMultiEcho1/Data/GroupResults/GroupISC/group_mask/sub-24_task-WNW_run-3_2nd_echo_masked.nii.gz
++ 3dcalc: AFNI version=AFNI_23.1.10 (Jun 29 2023) [64-bit]
++ Authored by: A cast of thousands
++ Output dataset /data/NIMH_SFIM/handwerkerd/ComplexMultiEcho1/Data/GroupResults/GroupISC/group_mask/sub-25_task-WNW_run-1_2nd_echo_masked.nii.gz
++ 3dcalc: AFNI version=AFNI_23.1.10 (Jun 29 2023) [64-bit]
++ Authored by: A cast of thousands
++ Output dataset /data/NIMH_SFIM/handwerkerd/ComplexMultiEcho1/Data/GroupResults/GroupISC/group_mask/sub-25_task-WNW_run-2_2nd_echo_masked.nii.gz
++ 3dcalc: AFNI version=AFNI_23.1.10 (Jun 29 2023) [64-bit]
++ Authored by: A cast of thousands
++ Output dataset /data/NIMH_SFIM/handwerkerd/ComplexMultiEcho1/Data/GroupResults/GroupISC/group_mask/sub-25_task-WNW_run-3_2nd_echo_masked.nii.gz
