/data/NIMH_SFIM/handwerkerd/ComplexMultiEcho1/Data/GroupResults/GroupISC/warped_files/orig_warped
second_echo
++ 3dNwarpApply: AFNI version=AFNI_23.1.10 (Jun 29 2023) [64-bit]
++ Authored by: Zhark the Warped
++ -master dataset is '/data/NIMH_SFIM/handwerkerd/ComplexMultiEcho1/Data/GroupResults/GroupMaps/alignment_EPIgrid_template_sub-01.nii.gz'
++ output grid size = 2 mm
++ opened source dataset '/data/NIMH_SFIM/handwerkerd/ComplexMultiEcho1/Data/sub-09/GLMs/second_echo_mot_csf_v23_c70_kundu_breathing_run-1/errts.sub-09.second_echo_mot_csf_v23_c70_kundu_breathing_run-1_REML+orig.HEAD'
++ Processing -nwarp 
++ Warping:.[R].................................................Z
++ Output dataset ./Nwarp_sub-09_task-breathing_run-1_2nd_echo.nii
++ total Elapsed time = 284.1 sec
OC
++ 3dNwarpApply: AFNI version=AFNI_23.1.10 (Jun 29 2023) [64-bit]
++ Authored by: Zhark the Warped
++ -master dataset is '/data/NIMH_SFIM/handwerkerd/ComplexMultiEcho1/Data/GroupResults/GroupMaps/alignment_EPIgrid_template_sub-01.nii.gz'
++ output grid size = 2 mm
++ opened source dataset '/data/NIMH_SFIM/handwerkerd/ComplexMultiEcho1/Data/sub-09/GLMs/optimally_combined_mot_csf_v23_c70_kundu_breathing_run-1/errts.sub-09.optimally_combined_mot_csf_v23_c70_kundu_breathing_run-1_REML+orig.HEAD'
++ Processing -nwarp 
++ Warping:.[R].................................................Z
++ Output dataset ./Nwarp_sub-09_task-breathing_run-1_OC.nii
++ total Elapsed time = 283.8 sec
ted_DN
++ 3dNwarpApply: AFNI version=AFNI_23.1.10 (Jun 29 2023) [64-bit]
++ Authored by: Zhark the Warped
++ -master dataset is '/data/NIMH_SFIM/handwerkerd/ComplexMultiEcho1/Data/GroupResults/GroupMaps/alignment_EPIgrid_template_sub-01.nii.gz'
++ output grid size = 2 mm
++ opened source dataset '/data/NIMH_SFIM/handwerkerd/ComplexMultiEcho1/Data/sub-09/GLMs/tedana_mot_csf_v23_c70_kundu_breathing_run-1/errts.sub-09.tedana_mot_csf_v23_c70_kundu_breathing_run-1_REML+orig.HEAD'
++ Processing -nwarp 
++ Warping:.[R].................................................Z
++ Output dataset ./Nwarp_sub-09_task-breathing_run-1_ted_DN.nii
++ total Elapsed time = 279.8 sec
combined_regressors
++ 3dNwarpApply: AFNI version=AFNI_23.1.10 (Jun 29 2023) [64-bit]
++ Authored by: Zhark the Warped
++ -master dataset is '/data/NIMH_SFIM/handwerkerd/ComplexMultiEcho1/Data/GroupResults/GroupMaps/alignment_EPIgrid_template_sub-01.nii.gz'
++ output grid size = 2 mm
++ opened source dataset '/data/NIMH_SFIM/handwerkerd/ComplexMultiEcho1/Data/sub-09/GLMs/combined_regressors_v23_c70_kundu_breathing_run-1/errts.sub-09.combined_regressors_v23_c70_kundu_breathing_run-1_REML+orig.HEAD'
++ Processing -nwarp 
++ Warping:.[R].................................................Z
++ Output dataset ./Nwarp_sub-09_task-breathing_run-1_combined_regressors.nii
++ total Elapsed time = 277.6 sec
second_echo
++ 3dNwarpApply: AFNI version=AFNI_23.1.10 (Jun 29 2023) [64-bit]
++ Authored by: Zhark the Warped
++ -master dataset is '/data/NIMH_SFIM/handwerkerd/ComplexMultiEcho1/Data/GroupResults/GroupMaps/alignment_EPIgrid_template_sub-01.nii.gz'
++ output grid size = 2 mm
++ opened source dataset '/data/NIMH_SFIM/handwerkerd/ComplexMultiEcho1/Data/sub-09/GLMs/second_echo_mot_csf_v23_c70_kundu_movie_run-1/errts.sub-09.second_echo_mot_csf_v23_c70_kundu_movie_run-1_REML+orig.HEAD'
++ Processing -nwarp 
++ Warping:.[R].................................................Z
++ Output dataset ./Nwarp_sub-09_task-movie_run-1_2nd_echo.nii
++ total Elapsed time = 283.8 sec
OC
++ 3dNwarpApply: AFNI version=AFNI_23.1.10 (Jun 29 2023) [64-bit]
++ Authored by: Zhark the Warped
++ -master dataset is '/data/NIMH_SFIM/handwerkerd/ComplexMultiEcho1/Data/GroupResults/GroupMaps/alignment_EPIgrid_template_sub-01.nii.gz'
++ output grid size = 2 mm
++ opened source dataset '/data/NIMH_SFIM/handwerkerd/ComplexMultiEcho1/Data/sub-09/GLMs/optimally_combined_mot_csf_v23_c70_kundu_movie_run-1/errts.sub-09.optimally_combined_mot_csf_v23_c70_kundu_movie_run-1_REML+orig.HEAD'
++ Processing -nwarp 
++ Warping:.[R].................................................Z
++ Output dataset ./Nwarp_sub-09_task-movie_run-1_OC.nii
++ total Elapsed time = 283.6 sec
ted_DN
++ 3dNwarpApply: AFNI version=AFNI_23.1.10 (Jun 29 2023) [64-bit]
++ Authored by: Zhark the Warped
++ -master dataset is '/data/NIMH_SFIM/handwerkerd/ComplexMultiEcho1/Data/GroupResults/GroupMaps/alignment_EPIgrid_template_sub-01.nii.gz'
++ output grid size = 2 mm
++ opened source dataset '/data/NIMH_SFIM/handwerkerd/ComplexMultiEcho1/Data/sub-09/GLMs/tedana_mot_csf_v23_c70_kundu_movie_run-1/errts.sub-09.tedana_mot_csf_v23_c70_kundu_movie_run-1_REML+orig.HEAD'
++ Processing -nwarp 
++ Warping:.[R].................................................Z
++ Output dataset ./Nwarp_sub-09_task-movie_run-1_ted_DN.nii
++ total Elapsed time = 284.3 sec
combined_regressors
++ 3dNwarpApply: AFNI version=AFNI_23.1.10 (Jun 29 2023) [64-bit]
++ Authored by: Zhark the Warped
++ -master dataset is '/data/NIMH_SFIM/handwerkerd/ComplexMultiEcho1/Data/GroupResults/GroupMaps/alignment_EPIgrid_template_sub-01.nii.gz'
++ output grid size = 2 mm
++ opened source dataset '/data/NIMH_SFIM/handwerkerd/ComplexMultiEcho1/Data/sub-09/GLMs/combined_regressors_v23_c70_kundu_movie_run-1/errts.sub-09.combined_regressors_v23_c70_kundu_movie_run-1_REML+orig.HEAD'
++ Processing -nwarp 
++ Warping:.[R].................................................Z
++ Output dataset ./Nwarp_sub-09_task-movie_run-1_combined_regressors.nii
++ total Elapsed time = 281.5 sec
second_echo
++ 3dNwarpApply: AFNI version=AFNI_23.1.10 (Jun 29 2023) [64-bit]
++ Authored by: Zhark the Warped
++ -master dataset is '/data/NIMH_SFIM/handwerkerd/ComplexMultiEcho1/Data/GroupResults/GroupMaps/alignment_EPIgrid_template_sub-01.nii.gz'
++ output grid size = 2 mm
++ opened source dataset '/data/NIMH_SFIM/handwerkerd/ComplexMultiEcho1/Data/sub-09/GLMs/second_echo_mot_csf_v23_c70_kundu_movie_run-2/errts.sub-09.second_echo_mot_csf_v23_c70_kundu_movie_run-2_REML+orig.HEAD'
++ Processing -nwarp 
++ Warping:.[R].................................................Z
++ Output dataset ./Nwarp_sub-09_task-movie_run-2_2nd_echo.nii
++ total Elapsed time = 285.1 sec
OC
++ 3dNwarpApply: AFNI version=AFNI_23.1.10 (Jun 29 2023) [64-bit]
++ Authored by: Zhark the Warped
++ -master dataset is '/data/NIMH_SFIM/handwerkerd/ComplexMultiEcho1/Data/GroupResults/GroupMaps/alignment_EPIgrid_template_sub-01.nii.gz'
++ output grid size = 2 mm
++ opened source dataset '/data/NIMH_SFIM/handwerkerd/ComplexMultiEcho1/Data/sub-09/GLMs/optimally_combined_mot_csf_v23_c70_kundu_movie_run-2/errts.sub-09.optimally_combined_mot_csf_v23_c70_kundu_movie_run-2_REML+orig.HEAD'
++ Processing -nwarp 
++ Warping:.[R].................................................Z
++ Output dataset ./Nwarp_sub-09_task-movie_run-2_OC.nii
++ total Elapsed time = 281.3 sec
ted_DN
++ 3dNwarpApply: AFNI version=AFNI_23.1.10 (Jun 29 2023) [64-bit]
++ Authored by: Zhark the Warped
++ -master dataset is '/data/NIMH_SFIM/handwerkerd/ComplexMultiEcho1/Data/GroupResults/GroupMaps/alignment_EPIgrid_template_sub-01.nii.gz'
++ output grid size = 2 mm
++ opened source dataset '/data/NIMH_SFIM/handwerkerd/ComplexMultiEcho1/Data/sub-09/GLMs/tedana_mot_csf_v23_c70_kundu_movie_run-2/errts.sub-09.tedana_mot_csf_v23_c70_kundu_movie_run-2_REML+orig.HEAD'
++ Processing -nwarp 
++ Warping:.[R].................................................Z
++ Output dataset ./Nwarp_sub-09_task-movie_run-2_ted_DN.nii
++ total Elapsed time = 282.3 sec
combined_regressors
++ 3dNwarpApply: AFNI version=AFNI_23.1.10 (Jun 29 2023) [64-bit]
++ Authored by: Zhark the Warped
++ -master dataset is '/data/NIMH_SFIM/handwerkerd/ComplexMultiEcho1/Data/GroupResults/GroupMaps/alignment_EPIgrid_template_sub-01.nii.gz'
++ output grid size = 2 mm
++ opened source dataset '/data/NIMH_SFIM/handwerkerd/ComplexMultiEcho1/Data/sub-09/GLMs/combined_regressors_v23_c70_kundu_movie_run-2/errts.sub-09.combined_regressors_v23_c70_kundu_movie_run-2_REML+orig.HEAD'
++ Processing -nwarp 
++ Warping:.[R].................................................Z
++ Output dataset ./Nwarp_sub-09_task-movie_run-2_combined_regressors.nii
++ total Elapsed time = 284.1 sec
Process completed successfully
